-------------------------------------------------------------------------------
Test set: ejercicioendes.CalculadoraTest
-------------------------------------------------------------------------------
Tests run: 1, Failures: 1, Errors: 0, Skipped: 0, Time elapsed: 0.025 s <<< FAILURE! - in ejercicioendes.CalculadoraTest
testMultiplicar  Time elapsed: 0.02 s  <<< FAILURE!
org.opentest4j.AssertionFailedError: expected: <278,00> but was: <20,00>
	at ejercicioendes.CalculadoraTest.testMultiplicar(CalculadoraTest.java:68)

