<?xml version="1.0" encoding="UTF-8"?>
<testsuite xmlns:xsi="http://www.w3.org/2001/XMLSchema-instance" xsi:noNamespaceSchemaLocation="https://maven.apache.org/surefire/maven-surefire-plugin/xsd/surefire-test-report.xsd" name="ejercicioendes.CalculadoraTest" time="0.025" tests="1" errors="0" skipped="0" failures="1">
  <properties>
[...]
</properties>
  <testcase name="testMultiplicar" classname="ejercicioendes.CalculadoraTest" time="0.02">
    <failure message="expected: &lt;278,00&gt; but was: &lt;20,00&gt;" type="org.opentest4j.AssertionFailedError"><![CDATA[org.opentest4j.AssertionFailedError: expected: <278,00> but was: <20,00>
	at ejercicioendes.CalculadoraTest.testMultiplicar(CalculadoraTest.java:68)
]]></failure>
    <system-out><![CDATA[multiplicar
]]></system-out>
  </testcase>
</testsuite>